The system is: Windows - 10.0.22631 - AMD64
Checking whether the CUDA compiler is NVIDIA using "" matched "nvcc: NVIDIA \(R\) Cuda compiler driver":
nvcc: NVIDIA (R) Cuda compiler driver
Copyright (c) 2005-2023 NVIDIA Corporation
Built on Wed_Nov_22_10:30:42_Pacific_Standard_Time_2023
Cuda compilation tools, release 12.3, V12.3.107
Build cuda_12.3.r12.3/compiler.33567101_0
Compiling the CUDA compiler identification source file "CMakeCUDACompilerId.cu" succeeded.
Compiler: C:/Program Files/NVIDIA GPU Computing Toolkit/CUDA/v12.3/bin/nvcc.exe 
Build flags: 
Id flags: --keep;--keep-dir;tmp -v

The output was:
0

C:\Users\michi\OneDrive - KU Leuven\Computerarchitectuur\CUDA_CNN_PROJECT\cmake-build-debug\CMakeFiles\3.21.1\CompilerIdCUDA>call "C:/Program Files/Microsoft Visual Studio/2022/Community/VC/Tools/MSVC/14.39.33519/bin/HostX64/x64/../../../../../../../VC/Auxiliary/Build/vcvars64.bat" 
**********************************************************************
** Visual Studio 2022 Developer Command Prompt v17.9.1
** Copyright (c) 2022 Microsoft Corporation
**********************************************************************
[vcvarsall.bat] Environment initialized for: 'x64'
#$ C:/Program Files/Microsoft Visual Studio/2022/Community/VC/Tools/MSVC/14.39.33519/bin/HostX64/x64/../../../../../../../VC/Auxiliary/Build/vcvars64.bat
#$ ALLUSERSPROFILE=C:\ProgramData
#$ APPDATA=C:\Users\michi\AppData\Roaming
#$ CAPTURE_INFLUX_DATA_DIR=C:\var\lib
#$ CAPTURE_INSTALL_DIR=C:\Program Files (x86)\Capture
#$ ChocolateyInstall=C:\ProgramData\chocolatey
#$ ChocolateyLastPathUpdate=133364771594154040
#$ CLION_IDE=TRUE
#$ CommandPromptType=Native
#$ CommonProgramFiles=C:\Program Files\Common Files
#$ CommonProgramFiles(x86)=C:\Program Files (x86)\Common Files
#$ CommonProgramW6432=C:\Program Files\Common Files
#$ COMPUTERNAME=MY-LAPTOP
#$ ComSpec=C:\WINDOWS\system32\cmd.exe
#$ CUDA_PATH=C:\Program Files\NVIDIA GPU Computing Toolkit\CUDA\v12.3
#$ CUDA_PATH_V12_3=C:\Program Files\NVIDIA GPU Computing Toolkit\CUDA\v12.3
#$ DevEnvDir=C:\Program Files\Microsoft Visual Studio\2022\Community\Common7\IDE\
#$ DriverData=C:\Windows\System32\Drivers\DriverData
#$ EFC_13428=1
#$ ExtensionSdkDir=C:\Program Files (x86)\Microsoft SDKs\Windows Kits\10\ExtensionSDKs
#$ EXTERNAL_INCLUDE=C:\Program Files\Microsoft Visual Studio\2022\Community\VC\Tools\MSVC\14.39.33519\include;C:\Program Files\Microsoft Visual Studio\2022\Community\VC\Tools\MSVC\14.39.33519\ATLMFC\include;C:\Program Files\Microsoft Visual Studio\2022\Community\VC\Auxiliary\VS\include;C:\Program Files (x86)\Windows Kits\10\include\10.0.22621.0\ucrt;C:\Program Files (x86)\Windows Kits\10\\include\10.0.22621.0\\um;C:\Program Files (x86)\Windows Kits\10\\include\10.0.22621.0\\shared;C:\Program Files (x86)\Windows Kits\10\\include\10.0.22621.0\\winrt;C:\Program Files (x86)\Windows Kits\10\\include\10.0.22621.0\\cppwinrt;C:\Program Files (x86)\Windows Kits\NETFXSDK\4.8\include\um;C:\Program Files\Microsoft Visual Studio\2022\Community\VC\Tools\MSVC\14.39.33519\include;C:\Program Files\Microsoft Visual Studio\2022\Community\VC\Tools\MSVC\14.39.33519\ATLMFC\include;C:\Program Files\Microsoft Visual Studio\2022\Community\VC\Auxiliary\VS\include;C:\Program Files (x86)\Windows Kits\10\include\10.0.22621.0\ucrt;C:\Program Files (x86)\Windows Kits\10\\include\10.0.22621.0\\um;C:\Program Files (x86)\Windows Kits\10\\include\10.0.22621.0\\shared;C:\Program Files (x86)\Windows Kits\10\\include\10.0.22621.0\\winrt;C:\Program Files (x86)\Windows Kits\10\\include\10.0.22621.0\\cppwinrt;C:\Program Files (x86)\Windows Kits\NETFXSDK\4.8\include\um
#$ FPS_BROWSER_APP_PROFILE_STRING=Internet Explorer
#$ FPS_BROWSER_USER_PROFILE_STRING=Default
#$ Framework40Version=v4.0
#$ FrameworkDir=C:\Windows\Microsoft.NET\Framework64\
#$ FrameworkDir64=C:\Windows\Microsoft.NET\Framework64\
#$ FrameworkVersion=v4.0.30319
#$ FrameworkVersion64=v4.0.30319
#$ FSHARPINSTALLDIR=C:\Program Files\Microsoft Visual Studio\2022\Community\Common7\IDE\CommonExtensions\Microsoft\FSharp\Tools
#$ GNUTERM=windows
#$ GUROBI_HOME=C:\gurobi1003\win64
#$ HOMEDRIVE=C:
#$ HOMEPATH=\Users\michi
#$ IDEA_INITIAL_DIRECTORY=C:\Program Files\JetBrains\CLion 2021.3.3\bin
#$ INCLUDE=C:\Program Files\Microsoft Visual Studio\2022\Community\VC\Tools\MSVC\14.39.33519\include;C:\Program Files\Microsoft Visual Studio\2022\Community\VC\Tools\MSVC\14.39.33519\ATLMFC\include;C:\Program Files\Microsoft Visual Studio\2022\Community\VC\Auxiliary\VS\include;C:\Program Files (x86)\Windows Kits\10\include\10.0.22621.0\ucrt;C:\Program Files (x86)\Windows Kits\10\\include\10.0.22621.0\\um;C:\Program Files (x86)\Windows Kits\10\\include\10.0.22621.0\\shared;C:\Program Files (x86)\Windows Kits\10\\include\10.0.22621.0\\winrt;C:\Program Files (x86)\Windows Kits\10\\include\10.0.22621.0\\cppwinrt;C:\Program Files (x86)\Windows Kits\NETFXSDK\4.8\include\um;C:\Program Files\Microsoft Visual Studio\2022\Community\VC\Tools\MSVC\14.39.33519\include;C:\Program Files\Microsoft Visual Studio\2022\Community\VC\Tools\MSVC\14.39.33519\ATLMFC\include;C:\Program Files\Microsoft Visual Studio\2022\Community\VC\Auxiliary\VS\include;C:\Program Files (x86)\Windows Kits\10\include\10.0.22621.0\ucrt;C:\Program Files (x86)\Windows Kits\10\\include\10.0.22621.0\\um;C:\Program Files (x86)\Windows Kits\10\\include\10.0.22621.0\\shared;C:\Program Files (x86)\Windows Kits\10\\include\10.0.22621.0\\winrt;C:\Program Files (x86)\Windows Kits\10\\include\10.0.22621.0\\cppwinrt;C:\Program Files (x86)\Windows Kits\NETFXSDK\4.8\include\um
#$ JAVA_HOME=C:\Program Files\Java\jdk-14.0.2
#$ JETBRAINS_IDE=TRUE
#$ KMP_BLOCKTIME=0
#$ LIB=C:\Program Files\Microsoft Visual Studio\2022\Community\VC\Tools\MSVC\14.39.33519\ATLMFC\lib\x64;C:\Program Files\Microsoft Visual Studio\2022\Community\VC\Tools\MSVC\14.39.33519\lib\x64;C:\Program Files (x86)\Windows Kits\NETFXSDK\4.8\lib\um\x64;C:\Program Files (x86)\Windows Kits\10\lib\10.0.22621.0\ucrt\x64;C:\Program Files (x86)\Windows Kits\10\\lib\10.0.22621.0\\um\x64;C:\Program Files\Microsoft Visual Studio\2022\Community\VC\Tools\MSVC\14.39.33519\ATLMFC\lib\x64;C:\Program Files\Microsoft Visual Studio\2022\Community\VC\Tools\MSVC\14.39.33519\lib\x64;C:\Program Files (x86)\Windows Kits\NETFXSDK\4.8\lib\um\x64;C:\Program Files (x86)\Windows Kits\10\lib\10.0.22621.0\ucrt\x64;C:\Program Files (x86)\Windows Kits\10\\lib\10.0.22621.0\\um\x64
#$ LIBPATH=C:\Program Files\Microsoft Visual Studio\2022\Community\VC\Tools\MSVC\14.39.33519\ATLMFC\lib\x64;C:\Program Files\Microsoft Visual Studio\2022\Community\VC\Tools\MSVC\14.39.33519\lib\x64;C:\Program Files\Microsoft Visual Studio\2022\Community\VC\Tools\MSVC\14.39.33519\lib\x86\store\references;C:\Program Files (x86)\Windows Kits\10\UnionMetadata\10.0.22621.0;C:\Program Files (x86)\Windows Kits\10\References\10.0.22621.0;C:\Windows\Microsoft.NET\Framework64\v4.0.30319;C:\Program Files\Microsoft Visual Studio\2022\Community\VC\Tools\MSVC\14.39.33519\ATLMFC\lib\x64;C:\Program Files\Microsoft Visual Studio\2022\Community\VC\Tools\MSVC\14.39.33519\lib\x64;C:\Program Files\Microsoft Visual Studio\2022\Community\VC\Tools\MSVC\14.39.33519\lib\x86\store\references;C:\Program Files (x86)\Windows Kits\10\UnionMetadata\10.0.22621.0;C:\Program Files (x86)\Windows Kits\10\References\10.0.22621.0;C:\Windows\Microsoft.NET\Framework64\v4.0.30319
#$ LOCALAPPDATA=C:\Users\michi\AppData\Local
#$ LOGONSERVER=\\MY-LAPTOP
#$ MOSQUITTO_DIR=C:\Program Files\mosquitto
#$ NETFXSDKDir=C:\Program Files (x86)\Windows Kits\NETFXSDK\4.8\
#$ NUMBER_OF_PROCESSORS=12
#$ OMP_WAIT_POLICY=PASSIVE
#$ OneDrive=C:\Users\michi\OneDrive - KU Leuven
#$ OneDriveCommercial=C:\Users\michi\OneDrive - KU Leuven
#$ OneDriveConsumer=C:\Users\michi\OneDrive
#$ OS=Windows_NT
#$ Path=C:\Program Files\Microsoft Visual Studio\2022\Community\VC\Tools\MSVC\14.39.33519\bin\HostX64\x64;C:\Program Files\Microsoft Visual Studio\2022\Community\Common7\IDE\VC\VCPackages;C:\Program Files\Microsoft Visual Studio\2022\Community\Common7\IDE\CommonExtensions\Microsoft\TestWindow;C:\Program Files\Microsoft Visual Studio\2022\Community\Common7\IDE\CommonExtensions\Microsoft\TeamFoundation\Team Explorer;C:\Program Files\Microsoft Visual Studio\2022\Community\MSBuild\Current\bin\Roslyn;C:\Program Files (x86)\Microsoft SDKs\Windows\v10.0A\bin\NETFX 4.8 Tools\x64\;C:\Program Files\Microsoft Visual Studio\2022\Community\Common7\IDE\CommonExtensions\Microsoft\FSharp\Tools;C:\Program Files\Microsoft Visual Studio\2022\Community\Team Tools\DiagnosticsHub\Collector;C:\Program Files (x86)\Windows Kits\10\bin\10.0.22621.0\\x64;C:\Program Files (x86)\Windows Kits\10\bin\\x64;C:\Program Files\Microsoft Visual Studio\2022\Community\\MSBuild\Current\Bin\amd64;C:\Windows\Microsoft.NET\Framework64\v4.0.30319;C:\Program Files\Microsoft Visual Studio\2022\Community\Common7\IDE\;C:\Program Files\Microsoft Visual Studio\2022\Community\Common7\Tools\;C:\Program Files\Microsoft Visual Studio\2022\Community\VC\Tools\MSVC\14.39.33519\bin\HostX64\x64;C:\Program Files\Microsoft Visual Studio\2022\Community\Common7\IDE\VC\VCPackages;C:\Program Files\Microsoft Visual Studio\2022\Community\Common7\IDE\CommonExtensions\Microsoft\TestWindow;C:\Program Files\Microsoft Visual Studio\2022\Community\Common7\IDE\CommonExtensions\Microsoft\TeamFoundation\Team Explorer;C:\Program Files\Microsoft Visual Studio\2022\Community\MSBuild\Current\bin\Roslyn;C:\Program Files (x86)\Microsoft SDKs\Windows\v10.0A\bin\NETFX 4.8 Tools\x64\;C:\Program Files\Microsoft Visual Studio\2022\Community\Common7\IDE\CommonExtensions\Microsoft\FSharp\Tools;C:\Program Files\Microsoft Visual Studio\2022\Community\Team Tools\DiagnosticsHub\Collector;C:\Program Files (x86)\Windows Kits\10\bin\10.0.22621.0\\x64;C:\Program Files (x86)\Windows Kits\10\bin\\x64;C:\Program Files\Microsoft Visual Studio\2022\Community\\MSBuild\Current\Bin\amd64;C:\Windows\Microsoft.NET\Framework64\v4.0.30319;C:\Program Files\Microsoft Visual Studio\2022\Community\Common7\IDE\;C:\Program Files\Microsoft Visual Studio\2022\Community\Common7\Tools\;C:\WINDOWS\System32;C:\Program Files\WindowsApps\25415Inkscape.Inkscape_1.3.2.0_x64__9waqn51p1ttv2\VFS\ProgramFilesX64\Inkscape\bin;C:\Program Files\dotnet\;C:\Users\michi\Downloads\apps\apache-maven-3.9.6-bin\apache-maven-3.9.6\bin;C:\Program Files\Java\jdk-14.0.2\bin;;C:\Program Files\WindowsApps\25415Inkscape.Inkscape_1.3.2.0_x64__9waqn51p1ttv2\VFS\ProgramFilesX64\Inkscape\bin;C:\Program Files\dotnet\;C:\Users\michi\Downloads\apps\apache-maven-3.9.6-bin\apache-maven-3.9.6\bin;C:\Program Files\Java\jdk-14.0.2\bin;;C:\Program Files\WindowsApps\25415Inkscape.Inkscape_1.3.2.0_x64__9waqn51p1ttv2\VFS\ProgramFilesX64\Inkscape\bin;C:\Program Files\dotnet\;C:\Users\michi\Downloads\apps\apache-maven-3.9.6-bin\apache-maven-3.9.6\bin;C:\Program Files\Java\jdk-14.0.2\bin;C:\Users\michi\AppData\Local\ActiveState\StateTool\release\bin;C:\Users\michi\AppData\Local\Programs\Python\Python311\Scripts\;C:\Users\michi\AppData\Local\Programs\Python\Python311\;C:\Users\michi\AppData\Local\activestate\cache\bin;C:\Users\michi\AppData\Local\Microsoft\WindowsApps;C:\Users\michi\AppData\Local\Programs\Microsoft VS Code\bin;C:\Users\michi\AppData\Roaming\npm;C:\Users\michi\.dotnet\tools;C:\texlive\2023\bin\windows;C:\Users\michi\.azure-kubectl;C:\Users\michi\.azure-kubelogin;C:\Users\michi\.dotnet\tools;C:\Program Files\Microsoft Visual Studio\2022\Community\Common7\IDE\CommonExtensions\Microsoft\CMake\CMake\bin;C:\Program Files\Microsoft Visual Studio\2022\Community\Common7\IDE\CommonExtensions\Microsoft\CMake\Ninja;C:\Program Files\Microsoft Visual Studio\2022\Community\Common7\IDE\VC\Linux\bin\ConnectionManagerExe;C:\Program Files\Microsoft Visual Studio\2022\Community\VC\vcpkg;C:\WINDOWS\System32;C:\Program Files\WindowsApps\25415Inkscape.Inkscape_1.3.2.0_x64__9waqn51p1ttv2\VFS\ProgramFilesX64\Inkscape\bin;C:\Program Files\dotnet\;C:\Users\michi\Downloads\apps\apache-maven-3.9.6-bin\apache-maven-3.9.6\bin;C:\Program Files\Java\jdk-14.0.2\bin;;C:\Program Files\WindowsApps\25415Inkscape.Inkscape_1.3.2.0_x64__9waqn51p1ttv2\VFS\ProgramFilesX64\Inkscape\bin;C:\Program Files\dotnet\;C:\Users\michi\Downloads\apps\apache-maven-3.9.6-bin\apache-maven-3.9.6\bin;C:\Program Files\Java\jdk-14.0.2\bin;;C:\Program Files\WindowsApps\25415Inkscape.Inkscape_1.3.2.0_x64__9waqn51p1ttv2\VFS\ProgramFilesX64\Inkscape\bin;C:\Program Files\dotnet\;C:\Users\michi\Downloads\apps\apache-maven-3.9.6-bin\apache-maven-3.9.6\bin;C:\Program Files\Java\jdk-14.0.2\bin;C:\Users\michi\AppData\Local\ActiveState\StateTool\release\bin;C:\Users\michi\AppData\Local\Programs\Python\Python311\Scripts\;C:\Users\michi\AppData\Local\Programs\Python\Python311\;C:\Users\michi\AppData\Local\activestate\cache\bin;C:\Users\michi\AppData\Local\Microsoft\WindowsApps;C:\Users\michi\AppData\Local\Programs\Microsoft VS Code\bin;C:\Users\michi\AppData\Roaming\npm;C:\Users\michi\.dotnet\tools;C:\texlive\2023\bin\windows;C:\Users\michi\.azure-kubectl;C:\Users\michi\.azure-kubelogin;C:\Users\michi\.dotnet\tools;C:\Program Files\Microsoft Visual Studio\2022\Community\Common7\IDE\CommonExtensions\Microsoft\CMake\CMake\bin;C:\Program Files\Microsoft Visual Studio\2022\Community\Common7\IDE\CommonExtensions\Microsoft\CMake\Ninja;C:\Program Files\Microsoft Visual Studio\2022\Community\Common7\IDE\VC\Linux\bin\ConnectionManagerExe;C:\Program Files\Microsoft Visual Studio\2022\Community\VC\vcpkg
#$ PATHEXT=.COM;.EXE;.BAT;.CMD;.VBS;.VBE;.JS;.JSE;.WSF;.WSH;.MSC
#$ Platform=x64
#$ PROCESSOR_ARCHITECTURE=AMD64
#$ PROCESSOR_IDENTIFIER=Intel64 Family 6 Model 165 Stepping 2, GenuineIntel
#$ PROCESSOR_LEVEL=6
#$ PROCESSOR_REVISION=a502
#$ ProgramData=C:\ProgramData
#$ ProgramFiles=C:\Program Files
#$ ProgramFiles(x86)=C:\Program Files (x86)
#$ ProgramW6432=C:\Program Files
#$ PROMPT=$P$G
#$ PSModulePath=C:\Program Files\WindowsPowerShell\Modules;C:\WINDOWS\system32\WindowsPowerShell\v1.0\Modules
#$ PUBLIC=C:\Users\Public
#$ SESSIONNAME=Console
#$ StackifyPath=C:\Program Files (x86)\Stackify
#$ STACKIFY_ENV=C94293|CD1|
#$ STACKIFY_RUM_DOMAIN=puXVB2JuVkCXw7TdwDWXOg
#$ SystemDrive=C:
#$ SystemRoot=C:\WINDOWS
#$ UCRTVersion=10.0.22621.0
#$ UniversalCRTSdkDir=C:\Program Files (x86)\Windows Kits\10\
#$ USERDOMAIN=MY-LAPTOP
#$ USERDOMAIN_ROAMINGPROFILE=MY-LAPTOP
#$ USERNAME=michi
#$ USERPROFILE=C:\Users\michi
#$ VBOX_MSI_INSTALL_PATH=C:\Program Files\Oracle\VirtualBox\
#$ VCIDEInstallDir=C:\Program Files\Microsoft Visual Studio\2022\Community\Common7\IDE\VC\
#$ VCINSTALLDIR=C:\Program Files\Microsoft Visual Studio\2022\Community\VC\
#$ VCPKG_ROOT=C:\Program Files\Microsoft Visual Studio\2022\Community\VC\vcpkg
#$ VCToolsInstallDir=C:\Program Files\Microsoft Visual Studio\2022\Community\VC\Tools\MSVC\14.39.33519\
#$ VCToolsRedistDir=C:\Program Files\Microsoft Visual Studio\2022\Community\VC\Redist\MSVC\14.38.33135\
#$ VCToolsVersion=14.39.33519
#$ VisualStudioVersion=17.0
#$ VS170COMNTOOLS=C:\Program Files\Microsoft Visual Studio\2022\Community\Common7\Tools\
#$ VSCMD_ARG_app_plat=Desktop
#$ VSCMD_ARG_HOST_ARCH=x64
#$ VSCMD_ARG_TGT_ARCH=x64
#$ VSCMD_DEBUG=
#$ VSCMD_SKIP_SENDTELEMETRY=1
#$ VSCMD_VER=17.9.1
#$ vsconsoleoutput=1
#$ VSINSTALLDIR=C:\Program Files\Microsoft Visual Studio\2022\Community\
#$ windir=C:\WINDOWS
#$ WindowsLibPath=C:\Program Files (x86)\Windows Kits\10\UnionMetadata\10.0.22621.0;C:\Program Files (x86)\Windows Kits\10\References\10.0.22621.0
#$ WindowsSdkBinPath=C:\Program Files (x86)\Windows Kits\10\bin\
#$ WindowsSdkDir=C:\Program Files (x86)\Windows Kits\10\
#$ WindowsSDKLibVersion=10.0.22621.0\
#$ WindowsSdkVerBinPath=C:\Program Files (x86)\Windows Kits\10\bin\10.0.22621.0\
#$ WindowsSDKVersion=10.0.22621.0\
#$ WindowsSDK_ExecutablePath_x64=C:\Program Files (x86)\Microsoft SDKs\Windows\v10.0A\bin\NETFX 4.8 Tools\x64\
#$ WindowsSDK_ExecutablePath_x86=C:\Program Files (x86)\Microsoft SDKs\Windows\v10.0A\bin\NETFX 4.8 Tools\
#$ ZES_ENABLE_SYSMAN=1
#$ __DOTNET_ADD_64BIT=1
#$ __DOTNET_PREFERRED_BITNESS=64
#$ __VSCMD_PREINIT_PATH=C:\WINDOWS\System32;C:\Program Files\WindowsApps\25415Inkscape.Inkscape_1.3.2.0_x64__9waqn51p1ttv2\VFS\ProgramFilesX64\Inkscape\bin;C:\Program Files\dotnet\;C:\Users\michi\Downloads\apps\apache-maven-3.9.6-bin\apache-maven-3.9.6\bin;C:\Program Files\Java\jdk-14.0.2\bin;;C:\Program Files\WindowsApps\25415Inkscape.Inkscape_1.3.2.0_x64__9waqn51p1ttv2\VFS\ProgramFilesX64\Inkscape\bin;C:\Program Files\dotnet\;C:\Users\michi\Downloads\apps\apache-maven-3.9.6-bin\apache-maven-3.9.6\bin;C:\Program Files\Java\jdk-14.0.2\bin;;C:\Program Files\WindowsApps\25415Inkscape.Inkscape_1.3.2.0_x64__9waqn51p1ttv2\VFS\ProgramFilesX64\Inkscape\bin;C:\Program Files\dotnet\;C:\Users\michi\Downloads\apps\apache-maven-3.9.6-bin\apache-maven-3.9.6\bin;C:\Program Files\Java\jdk-14.0.2\bin;C:\Users\michi\AppData\Local\ActiveState\StateTool\release\bin;C:\Users\michi\AppData\Local\Programs\Python\Python311\Scripts\;C:\Users\michi\AppData\Local\Programs\Python\Python311\;C:\Users\michi\AppData\Local\activestate\cache\bin;C:\Users\michi\AppData\Local\Microsoft\WindowsApps;C:\Users\michi\AppData\Local\Programs\Microsoft VS Code\bin;C:\Users\michi\AppData\Roaming\npm;C:\Users\michi\.dotnet\tools;C:\texlive\2023\bin\windows;C:\Users\michi\.azure-kubectl;C:\Users\michi\.azure-kubelogin;C:\Users\michi\.dotnet\tools
#$ __VSCMD_PREINIT_VCToolsVersion=14.39.33519
#$ __VSCMD_PREINIT_VS170COMNTOOLS=C:\Program Files\Microsoft Visual Studio\2022\Community\Common7\Tools\
#$ PATH=C:\Program Files\Microsoft Visual Studio\2022\Community\VC\Tools\MSVC\14.39.33519\bin\HostX64\x64;C:\Program Files\Microsoft Visual Studio\2022\Community\VC\Tools\MSVC\14.39.33519\bin\HostX64\x64;C:\Program Files\Microsoft Visual Studio\2022\Community\Common7\IDE\VC\VCPackages;C:\Program Files\Microsoft Visual Studio\2022\Community\Common7\IDE\CommonExtensions\Microsoft\TestWindow;C:\Program Files\Microsoft Visual Studio\2022\Community\Common7\IDE\CommonExtensions\Microsoft\TeamFoundation\Team Explorer;C:\Program Files\Microsoft Visual Studio\2022\Community\MSBuild\Current\bin\Roslyn;C:\Program Files (x86)\Microsoft SDKs\Windows\v10.0A\bin\NETFX 4.8 Tools\x64\;C:\Program Files\Microsoft Visual Studio\2022\Community\Common7\IDE\CommonExtensions\Microsoft\FSharp\Tools;C:\Program Files\Microsoft Visual Studio\2022\Community\Team Tools\DiagnosticsHub\Collector;C:\Program Files (x86)\Windows Kits\10\bin\10.0.22621.0\\x64;C:\Program Files (x86)\Windows Kits\10\bin\\x64;C:\Program Files\Microsoft Visual Studio\2022\Community\\MSBuild\Current\Bin\amd64;C:\Windows\Microsoft.NET\Framework64\v4.0.30319;C:\Program Files\Microsoft Visual Studio\2022\Community\Common7\IDE\;C:\Program Files\Microsoft Visual Studio\2022\Community\Common7\Tools\;C:\Program Files\Microsoft Visual Studio\2022\Community\VC\Tools\MSVC\14.39.33519\bin\HostX64\x64;C:\Program Files\Microsoft Visual Studio\2022\Community\Common7\IDE\VC\VCPackages;C:\Program Files\Microsoft Visual Studio\2022\Community\Common7\IDE\CommonExtensions\Microsoft\TestWindow;C:\Program Files\Microsoft Visual Studio\2022\Community\Common7\IDE\CommonExtensions\Microsoft\TeamFoundation\Team Explorer;C:\Program Files\Microsoft Visual Studio\2022\Community\MSBuild\Current\bin\Roslyn;C:\Program Files (x86)\Microsoft SDKs\Windows\v10.0A\bin\NETFX 4.8 Tools\x64\;C:\Program Files\Microsoft Visual Studio\2022\Community\Common7\IDE\CommonExtensions\Microsoft\FSharp\Tools;C:\Program Files\Microsoft Visual Studio\2022\Community\Team Tools\DiagnosticsHub\Collector;C:\Program Files (x86)\Windows Kits\10\bin\10.0.22621.0\\x64;C:\Program Files (x86)\Windows Kits\10\bin\\x64;C:\Program Files\Microsoft Visual Studio\2022\Community\\MSBuild\Current\Bin\amd64;C:\Windows\Microsoft.NET\Framework64\v4.0.30319;C:\Program Files\Microsoft Visual Studio\2022\Community\Common7\IDE\;C:\Program Files\Microsoft Visual Studio\2022\Community\Common7\Tools\;C:\WINDOWS\System32;C:\Program Files\WindowsApps\25415Inkscape.Inkscape_1.3.2.0_x64__9waqn51p1ttv2\VFS\ProgramFilesX64\Inkscape\bin;C:\Program Files\dotnet\;C:\Users\michi\Downloads\apps\apache-maven-3.9.6-bin\apache-maven-3.9.6\bin;C:\Program Files\Java\jdk-14.0.2\bin;;C:\Program Files\WindowsApps\25415Inkscape.Inkscape_1.3.2.0_x64__9waqn51p1ttv2\VFS\ProgramFilesX64\Inkscape\bin;C:\Program Files\dotnet\;C:\Users\michi\Downloads\apps\apache-maven-3.9.6-bin\apache-maven-3.9.6\bin;C:\Program Files\Java\jdk-14.0.2\bin;;C:\Program Files\WindowsApps\25415Inkscape.Inkscape_1.3.2.0_x64__9waqn51p1ttv2\VFS\ProgramFilesX64\Inkscape\bin;C:\Program Files\dotnet\;C:\Users\michi\Downloads\apps\apache-maven-3.9.6-bin\apache-maven-3.9.6\bin;C:\Program Files\Java\jdk-14.0.2\bin;C:\Users\michi\AppData\Local\ActiveState\StateTool\release\bin;C:\Users\michi\AppData\Local\Programs\Python\Python311\Scripts\;C:\Users\michi\AppData\Local\Programs\Python\Python311\;C:\Users\michi\AppData\Local\activestate\cache\bin;C:\Users\michi\AppData\Local\Microsoft\WindowsApps;C:\Users\michi\AppData\Local\Programs\Microsoft VS Code\bin;C:\Users\michi\AppData\Roaming\npm;C:\Users\michi\.dotnet\tools;C:\texlive\2023\bin\windows;C:\Users\michi\.azure-kubectl;C:\Users\michi\.azure-kubelogin;C:\Users\michi\.dotnet\tools;C:\Program Files\Microsoft Visual Studio\2022\Community\Common7\IDE\CommonExtensions\Microsoft\CMake\CMake\bin;C:\Program Files\Microsoft Visual Studio\2022\Community\Common7\IDE\CommonExtensions\Microsoft\CMake\Ninja;C:\Program Files\Microsoft Visual Studio\2022\Community\Common7\IDE\VC\Linux\bin\ConnectionManagerExe;C:\Program Files\Microsoft Visual Studio\2022\Community\VC\vcpkg;C:\WINDOWS\System32;C:\Program Files\WindowsApps\25415Inkscape.Inkscape_1.3.2.0_x64__9waqn51p1ttv2\VFS\ProgramFilesX64\Inkscape\bin;C:\Program Files\dotnet\;C:\Users\michi\Downloads\apps\apache-maven-3.9.6-bin\apache-maven-3.9.6\bin;C:\Program Files\Java\jdk-14.0.2\bin;;C:\Program Files\WindowsApps\25415Inkscape.Inkscape_1.3.2.0_x64__9waqn51p1ttv2\VFS\ProgramFilesX64\Inkscape\bin;C:\Program Files\dotnet\;C:\Users\michi\Downloads\apps\apache-maven-3.9.6-bin\apache-maven-3.9.6\bin;C:\Program Files\Java\jdk-14.0.2\bin;;C:\Program Files\WindowsApps\25415Inkscape.Inkscape_1.3.2.0_x64__9waqn51p1ttv2\VFS\ProgramFilesX64\Inkscape\bin;C:\Program Files\dotnet\;C:\Users\michi\Downloads\apps\apache-maven-3.9.6-bin\apache-maven-3.9.6\bin;C:\Program Files\Java\jdk-14.0.2\bin;C:\Users\michi\AppData\Local\ActiveState\StateTool\release\bin;C:\Users\michi\AppData\Local\Programs\Python\Python311\Scripts\;C:\Users\michi\AppData\Local\Programs\Python\Python311\;C:\Users\michi\AppData\Local\activestate\cache\bin;C:\Users\michi\AppData\Local\Microsoft\WindowsApps;C:\Users\michi\AppData\Local\Programs\Microsoft VS Code\bin;C:\Users\michi\AppData\Roaming\npm;C:\Users\michi\.dotnet\tools;C:\texlive\2023\bin\windows;C:\Users\michi\.azure-kubectl;C:\Users\michi\.azure-kubelogin;C:\Users\michi\.dotnet\tools;C:\Program Files\Microsoft Visual Studio\2022\Community\Common7\IDE\CommonExtensions\Microsoft\CMake\CMake\bin;C:\Program Files\Microsoft Visual Studio\2022\Community\Common7\IDE\CommonExtensions\Microsoft\CMake\Ninja;C:\Program Files\Microsoft Visual Studio\2022\Community\Common7\IDE\VC\Linux\bin\ConnectionManagerExe;C:\Program Files\Microsoft Visual Studio\2022\Community\VC\vcpkg
#$ _NVVM_BRANCH_=nvvm
#$ _SPACE_= 
#$ _CUDART_=cudart
#$ _HERE_=C:/Program Files/NVIDIA GPU Computing Toolkit/CUDA/v12.3/bin
#$ _THERE_=C:/Program Files/NVIDIA GPU Computing Toolkit/CUDA/v12.3/bin
#$ _TARGET_SIZE_=
#$ _TARGET_DIR_=
#$ _TARGET_SIZE_=64
#$ _WIN_PLATFORM_=x64
#$ TOP=C:/Program Files/NVIDIA GPU Computing Toolkit/CUDA/v12.3/bin/..
#$ NVVMIR_LIBRARY_DIR=C:/Program Files/NVIDIA GPU Computing Toolkit/CUDA/v12.3/bin/../nvvm/libdevice
#$ PATH=C:/Program Files/NVIDIA GPU Computing Toolkit/CUDA/v12.3/bin/../nvvm/bin;C:/Program Files/NVIDIA GPU Computing Toolkit/CUDA/v12.3/bin;C:/Program Files/NVIDIA GPU Computing Toolkit/CUDA/v12.3/bin/../lib;C:\Program Files\Microsoft Visual Studio\2022\Community\VC\Tools\MSVC\14.39.33519\bin\HostX64\x64;C:\Program Files\Microsoft Visual Studio\2022\Community\VC\Tools\MSVC\14.39.33519\bin\HostX64\x64;C:\Program Files\Microsoft Visual Studio\2022\Community\Common7\IDE\VC\VCPackages;C:\Program Files\Microsoft Visual Studio\2022\Community\Common7\IDE\CommonExtensions\Microsoft\TestWindow;C:\Program Files\Microsoft Visual Studio\2022\Community\Common7\IDE\CommonExtensions\Microsoft\TeamFoundation\Team Explorer;C:\Program Files\Microsoft Visual Studio\2022\Community\MSBuild\Current\bin\Roslyn;C:\Program Files (x86)\Microsoft SDKs\Windows\v10.0A\bin\NETFX 4.8 Tools\x64\;C:\Program Files\Microsoft Visual Studio\2022\Community\Common7\IDE\CommonExtensions\Microsoft\FSharp\Tools;C:\Program Files\Microsoft Visual Studio\2022\Community\Team Tools\DiagnosticsHub\Collector;C:\Program Files (x86)\Windows Kits\10\bin\10.0.22621.0\\x64;C:\Program Files (x86)\Windows Kits\10\bin\\x64;C:\Program Files\Microsoft Visual Studio\2022\Community\\MSBuild\Current\Bin\amd64;C:\Windows\Microsoft.NET\Framework64\v4.0.30319;C:\Program Files\Microsoft Visual Studio\2022\Community\Common7\IDE\;C:\Program Files\Microsoft Visual Studio\2022\Community\Common7\Tools\;C:\Program Files\Microsoft Visual Studio\2022\Community\VC\Tools\MSVC\14.39.33519\bin\HostX64\x64;C:\Program Files\Microsoft Visual Studio\2022\Community\Common7\IDE\VC\VCPackages;C:\Program Files\Microsoft Visual Studio\2022\Community\Common7\IDE\CommonExtensions\Microsoft\TestWindow;C:\Program Files\Microsoft Visual Studio\2022\Community\Common7\IDE\CommonExtensions\Microsoft\TeamFoundation\Team Explorer;C:\Program Files\Microsoft Visual Studio\2022\Community\MSBuild\Current\bin\Roslyn;C:\Program Files (x86)\Microsoft SDKs\Windows\v10.0A\bin\NETFX 4.8 Tools\x64\;C:\Program Files\Microsoft Visual Studio\2022\Community\Common7\IDE\CommonExtensions\Microsoft\FSharp\Tools;C:\Program Files\Microsoft Visual Studio\2022\Community\Team Tools\DiagnosticsHub\Collector;C:\Program Files (x86)\Windows Kits\10\bin\10.0.22621.0\\x64;C:\Program Files (x86)\Windows Kits\10\bin\\x64;C:\Program Files\Microsoft Visual Studio\2022\Community\\MSBuild\Current\Bin\amd64;C:\Windows\Microsoft.NET\Framework64\v4.0.30319;C:\Program Files\Microsoft Visual Studio\2022\Community\Common7\IDE\;C:\Program Files\Microsoft Visual Studio\2022\Community\Common7\Tools\;C:\WINDOWS\System32;C:\Program Files\WindowsApps\25415Inkscape.Inkscape_1.3.2.0_x64__9waqn51p1ttv2\VFS\ProgramFilesX64\Inkscape\bin;C:\Program Files\dotnet\;C:\Users\michi\Downloads\apps\apache-maven-3.9.6-bin\apache-maven-3.9.6\bin;C:\Program Files\Java\jdk-14.0.2\bin;;C:\Program Files\WindowsApps\25415Inkscape.Inkscape_1.3.2.0_x64__9waqn51p1ttv2\VFS\ProgramFilesX64\Inkscape\bin;C:\Program Files\dotnet\;C:\Users\michi\Downloads\apps\apache-maven-3.9.6-bin\apache-maven-3.9.6\bin;C:\Program Files\Java\jdk-14.0.2\bin;;C:\Program Files\WindowsApps\25415Inkscape.Inkscape_1.3.2.0_x64__9waqn51p1ttv2\VFS\ProgramFilesX64\Inkscape\bin;C:\Program Files\dotnet\;C:\Users\michi\Downloads\apps\apache-maven-3.9.6-bin\apache-maven-3.9.6\bin;C:\Program Files\Java\jdk-14.0.2\bin;C:\Users\michi\AppData\Local\ActiveState\StateTool\release\bin;C:\Users\michi\AppData\Local\Programs\Python\Python311\Scripts\;C:\Users\michi\AppData\Local\Programs\Python\Python311\;C:\Users\michi\AppData\Local\activestate\cache\bin;C:\Users\michi\AppData\Local\Microsoft\WindowsApps;C:\Users\michi\AppData\Local\Programs\Microsoft VS Code\bin;C:\Users\michi\AppData\Roaming\npm;C:\Users\michi\.dotnet\tools;C:\texlive\2023\bin\windows;C:\Users\michi\.azure-kubectl;C:\Users\michi\.azure-kubelogin;C:\Users\michi\.dotnet\tools;C:\Program Files\Microsoft Visual Studio\2022\Community\Common7\IDE\CommonExtensions\Microsoft\CMake\CMake\bin;C:\Program Files\Microsoft Visual Studio\2022\Community\Common7\IDE\CommonExtensions\Microsoft\CMake\Ninja;C:\Program Files\Microsoft Visual Studio\2022\Community\Common7\IDE\VC\Linux\bin\ConnectionManagerExe;C:\Program Files\Microsoft Visual Studio\2022\Community\VC\vcpkg;C:\WINDOWS\System32;C:\Program Files\WindowsApps\25415Inkscape.Inkscape_1.3.2.0_x64__9waqn51p1ttv2\VFS\ProgramFilesX64\Inkscape\bin;C:\Program Files\dotnet\;C:\Users\michi\Downloads\apps\apache-maven-3.9.6-bin\apache-maven-3.9.6\bin;C:\Program Files\Java\jdk-14.0.2\bin;;C:\Program Files\WindowsApps\25415Inkscape.Inkscape_1.3.2.0_x64__9waqn51p1ttv2\VFS\ProgramFilesX64\Inkscape\bin;C:\Program Files\dotnet\;C:\Users\michi\Downloads\apps\apache-maven-3.9.6-bin\apache-maven-3.9.6\bin;C:\Program Files\Java\jdk-14.0.2\bin;;C:\Program Files\WindowsApps\25415Inkscape.Inkscape_1.3.2.0_x64__9waqn51p1ttv2\VFS\ProgramFilesX64\Inkscape\bin;C:\Program Files\dotnet\;C:\Users\michi\Downloads\apps\apache-maven-3.9.6-bin\apache-maven-3.9.6\bin;C:\Program Files\Java\jdk-14.0.2\bin;C:\Users\michi\AppData\Local\ActiveState\StateTool\release\bin;C:\Users\michi\AppData\Local\Programs\Python\Python311\Scripts\;C:\Users\michi\AppData\Local\Programs\Python\Python311\;C:\Users\michi\AppData\Local\activestate\cache\bin;C:\Users\michi\AppData\Local\Microsoft\WindowsApps;C:\Users\michi\AppData\Local\Programs\Microsoft VS Code\bin;C:\Users\michi\AppData\Roaming\npm;C:\Users\michi\.dotnet\tools;C:\texlive\2023\bin\windows;C:\Users\michi\.azure-kubectl;C:\Users\michi\.azure-kubelogin;C:\Users\michi\.dotnet\tools;C:\Program Files\Microsoft Visual Studio\2022\Community\Common7\IDE\CommonExtensions\Microsoft\CMake\CMake\bin;C:\Program Files\Microsoft Visual Studio\2022\Community\Common7\IDE\CommonExtensions\Microsoft\CMake\Ninja;C:\Program Files\Microsoft Visual Studio\2022\Community\Common7\IDE\VC\Linux\bin\ConnectionManagerExe;C:\Program Files\Microsoft Visual Studio\2022\Community\VC\vcpkg
#$ INCLUDES="-IC:/Program Files/NVIDIA GPU Computing Toolkit/CUDA/v12.3/bin/../include"  
#$ LIBRARIES=  "/LIBPATH:C:/Program Files/NVIDIA GPU Computing Toolkit/CUDA/v12.3/bin/../lib/x64"
#$ CUDAFE_FLAGS=
#$ PTXAS_FLAGS=
#$ erase tmp/a_dlink.reg.c
CMakeCUDACompilerId.cu
#$ resource file tmp/CMakeCUDACompilerId.cpp4.ii.res: [-D__CUDA_ARCH_LIST__=520 -nologo -E -TP -EHsc -D__CUDACC__ -D__NVCC__  "-IC:/Program Files/NVIDIA GPU Computing Toolkit/CUDA/v12.3/bin/../include"    -D__CUDACC_VER_MAJOR__=12 -D__CUDACC_VER_MINOR__=3 -D__CUDACC_VER_BUILD__=107 -D__CUDA_API_VER_MAJOR__=12 -D__CUDA_API_VER_MINOR__=3 -D__NVCC_DIAG_PRAGMA_SUPPORT__=1 -FI "cuda_runtime.h" "CMakeCUDACompilerId.cu" ]
#$ cl.exe @"tmp/CMakeCUDACompilerId.cpp4.ii.res" > "tmp/CMakeCUDACompilerId.cpp4.ii" 
CMakeCUDACompilerId.cu
#$ cudafe++ --microsoft_version=1939 --msvc_target_version=1939 --compiler_bindir "C:/Program Files/Microsoft Visual Studio/2022/Community/VC/Tools/MSVC/14.39.33519/bin/HostX64/x64/../../../../../../.." --sdk_dir "C:/Program Files (x86)/Windows Kits/10/" --display_error_number --orig_src_file_name "CMakeCUDACompilerId.cu" --orig_src_path_name "C:\Users\michi\OneDrive - KU Leuven\Computerarchitectuur\CUDA_CNN_PROJECT\cmake-build-debug\CMakeFiles\3.21.1\CompilerIdCUDA\CMakeCUDACompilerId.cu" --allow_managed --m64 --parse_templates --gen_c_file_name "tmp/CMakeCUDACompilerId.cudafe1.cpp" --stub_file_name "CMakeCUDACompilerId.cudafe1.stub.c" --gen_module_id_file --module_id_file_name "tmp/CMakeCUDACompilerId.module_id" "tmp/CMakeCUDACompilerId.cpp4.ii" 
#$ resource file tmp/CMakeCUDACompilerId.cpp1.ii.res: [-D__CUDA_ARCH__=520 -D__CUDA_ARCH_LIST__=520 -nologo -E -TP  -DCUDA_DOUBLE_MATH_FUNCTIONS -EHsc -D__CUDACC__ -D__NVCC__  "-IC:/Program Files/NVIDIA GPU Computing Toolkit/CUDA/v12.3/bin/../include"    -D__CUDACC_VER_MAJOR__=12 -D__CUDACC_VER_MINOR__=3 -D__CUDACC_VER_BUILD__=107 -D__CUDA_API_VER_MAJOR__=12 -D__CUDA_API_VER_MINOR__=3 -D__NVCC_DIAG_PRAGMA_SUPPORT__=1 -FI "cuda_runtime.h" "CMakeCUDACompilerId.cu" ]
#$ cl.exe @"tmp/CMakeCUDACompilerId.cpp1.ii.res" > "tmp/CMakeCUDACompilerId.cpp1.ii" 
CMakeCUDACompilerId.cu
#$ cicc --microsoft_version=1939 --msvc_target_version=1939 --compiler_bindir "C:/Program Files/Microsoft Visual Studio/2022/Community/VC/Tools/MSVC/14.39.33519/bin/HostX64/x64/../../../../../../.." --sdk_dir "C:/Program Files (x86)/Windows Kits/10/" --display_error_number --orig_src_file_name "CMakeCUDACompilerId.cu" --orig_src_path_name "C:\Users\michi\OneDrive - KU Leuven\Computerarchitectuur\CUDA_CNN_PROJECT\cmake-build-debug\CMakeFiles\3.21.1\CompilerIdCUDA\CMakeCUDACompilerId.cu" --allow_managed  -arch compute_52 -m64 --no-version-ident -ftz=0 -prec_div=1 -prec_sqrt=1 -fmad=1 --include_file_name "CMakeCUDACompilerId.fatbin.c" -tused --module_id_file_name "tmp/CMakeCUDACompilerId.module_id" --gen_c_file_name "tmp/CMakeCUDACompilerId.cudafe1.c" --stub_file_name "tmp/CMakeCUDACompilerId.cudafe1.stub.c" --gen_device_file_name "tmp/CMakeCUDACompilerId.cudafe1.gpu"  "tmp/CMakeCUDACompilerId.cpp1.ii" -o "tmp/CMakeCUDACompilerId.ptx"
#$ ptxas -arch=sm_52 -m64 "tmp/CMakeCUDACompilerId.ptx"  -o "tmp/CMakeCUDACompilerId.sm_52.cubin" 
#$ fatbinary --create="tmp/CMakeCUDACompilerId.fatbin" -64 --cicc-cmdline="-ftz=0 -prec_div=1 -prec_sqrt=1 -fmad=1 " "--image3=kind=elf,sm=52,file=tmp/CMakeCUDACompilerId.sm_52.cubin" "--image3=kind=ptx,sm=52,file=tmp/CMakeCUDACompilerId.ptx" --embedded-fatbin="tmp/CMakeCUDACompilerId.fatbin.c" 
#$ resource file tmp/CMakeCUDACompilerId.obj.res: [-D__CUDA_ARCH__=520 -D__CUDA_ARCH_LIST__=520 -nologo -c -TP  -DCUDA_DOUBLE_MATH_FUNCTIONS -EHsc "-IC:/Program Files/NVIDIA GPU Computing Toolkit/CUDA/v12.3/bin/../include"   "C:\Users\michi\OneDrive - KU Leuven\Computerarchitectuur\CUDA_CNN_PROJECT\cmake-build-debug\CMakeFiles\3.21.1\CompilerIdCUDA\tmp\CMakeCUDACompilerId.cudafe1.cpp" ]
#$ cl.exe @"tmp/CMakeCUDACompilerId.obj.res" -Fo"tmp/CMakeCUDACompilerId.obj" 
CMakeCUDACompilerId.cudafe1.cpp
#$ resource file tmp/a_dlink.sm_52.cubin.optf: [-m64 --arch=sm_52 --register-link-binaries="tmp/a_dlink.reg.c"    "/LIBPATH:C:/Program Files/NVIDIA GPU Computing Toolkit/CUDA/v12.3/bin/../lib/x64" -cpu-arch=X86_64 "tmp/CMakeCUDACompilerId.obj"  cudadevrt.lib  -o "tmp/a_dlink.sm_52.cubin"]
#$ nvlink -optf "tmp/a_dlink.sm_52.cubin.optf"
#$ fatbinary --create="tmp/a_dlink.fatbin" -64 --cicc-cmdline="-ftz=0 -prec_div=1 -prec_sqrt=1 -fmad=1 " -link "--image3=kind=elf,sm=52,file=tmp/a_dlink.sm_52.cubin" --embedded-fatbin="tmp/a_dlink.fatbin.c" 
#$ resource file tmp/a_dlink.obj.res: [-D__CUDA_ARCH_LIST__=520 -nologo -c -TP -EHsc -DFATBINFILE="\"tmp/a_dlink.fatbin.c\"" -DREGISTERLINKBINARYFILE="\"tmp/a_dlink.reg.c\"" -I. -D__NV_EXTRA_INITIALIZATION= -D__NV_EXTRA_FINALIZATION= -D__CUDA_INCLUDE_COMPILER_INTERNAL_HEADERS__  "-IC:/Program Files/NVIDIA GPU Computing Toolkit/CUDA/v12.3/bin/../include"    -D__CUDACC_VER_MAJOR__=12 -D__CUDACC_VER_MINOR__=3 -D__CUDACC_VER_BUILD__=107 -D__CUDA_API_VER_MAJOR__=12 -D__CUDA_API_VER_MINOR__=3 -D__NVCC_DIAG_PRAGMA_SUPPORT__=1 "C:\Program Files\NVIDIA GPU Computing Toolkit\CUDA\v12.3\bin\crt\link.stub" ]
#$ cl.exe @"tmp/a_dlink.obj.res" -Fo"tmp/a_dlink.obj" 
link.stub
#$ resource file tmp/a.exe.res: [-D__CUDA_ARCH_LIST__=520 -nologo "C:\Users\michi\OneDrive - KU Leuven\Computerarchitectuur\CUDA_CNN_PROJECT\cmake-build-debug\CMakeFiles\3.21.1\CompilerIdCUDA\tmp\a_dlink.obj" "C:\Users\michi\OneDrive - KU Leuven\Computerarchitectuur\CUDA_CNN_PROJECT\cmake-build-debug\CMakeFiles\3.21.1\CompilerIdCUDA\tmp\CMakeCUDACompilerId.obj" -link -INCREMENTAL:NO   "/LIBPATH:C:/Program Files/NVIDIA GPU Computing Toolkit/CUDA/v12.3/bin/../lib/x64"  cudadevrt.lib  cudart_static.lib]
#$ cl.exe @"tmp/a.exe.res" -Fe"a.exe" 
   Creating library a.lib and object a.exp


Compilation of the CUDA compiler identification source "CMakeCUDACompilerId.cu" produced "a.exe"

Compilation of the CUDA compiler identification source "CMakeCUDACompilerId.cu" produced "a.exp"

Compilation of the CUDA compiler identification source "CMakeCUDACompilerId.cu" produced "a.lib"

The CUDA compiler identification is NVIDIA, found in "C:/Users/michi/OneDrive - KU Leuven/Computerarchitectuur/CUDA_CNN_PROJECT/cmake-build-debug/CMakeFiles/3.21.1/CompilerIdCUDA/a.exe"

Parsed CUDA nvcc implicit link information from above output:
  found 'PATH=' string: [C:\Program Files\Microsoft Visual Studio\2022\Community\VC\Tools\MSVC\14.39.33519\bin\HostX64\x64;C:\Program Files\Microsoft Visual Studio\2022\Community\VC\Tools\MSVC\14.39.33519\bin\HostX64\x64;C:\Program Files\Microsoft Visual Studio\2022\Community\Common7\IDE\VC\VCPackages;C:\Program Files\Microsoft Visual Studio\2022\Community\Common7\IDE\CommonExtensions\Microsoft\TestWindow;C:\Program Files\Microsoft Visual Studio\2022\Community\Common7\IDE\CommonExtensions\Microsoft\TeamFoundation\Team Explorer;C:\Program Files\Microsoft Visual Studio\2022\Community\MSBuild\Current\bin\Roslyn;C:\Program Files (x86)\Microsoft SDKs\Windows\v10.0A\bin\NETFX 4.8 Tools\x64\;C:\Program Files\Microsoft Visual Studio\2022\Community\Common7\IDE\CommonExtensions\Microsoft\FSharp\Tools;C:\Program Files\Microsoft Visual Studio\2022\Community\Team Tools\DiagnosticsHub\Collector;C:\Program Files (x86)\Windows Kits\10\bin\10.0.22621.0\\x64;C:\Program Files (x86)\Windows Kits\10\bin\\x64;C:\Program Files\Microsoft Visual Studio\2022\Community\\MSBuild\Current\Bin\amd64;C:\Windows\Microsoft.NET\Framework64\v4.0.30319;C:\Program Files\Microsoft Visual Studio\2022\Community\Common7\IDE\;C:\Program Files\Microsoft Visual Studio\2022\Community\Common7\Tools\;C:\Program Files\Microsoft Visual Studio\2022\Community\VC\Tools\MSVC\14.39.33519\bin\HostX64\x64;C:\Program Files\Microsoft Visual Studio\2022\Community\Common7\IDE\VC\VCPackages;C:\Program Files\Microsoft Visual Studio\2022\Community\Common7\IDE\CommonExtensions\Microsoft\TestWindow;C:\Program Files\Microsoft Visual Studio\2022\Community\Common7\IDE\CommonExtensions\Microsoft\TeamFoundation\Team Explorer;C:\Program Files\Microsoft Visual Studio\2022\Community\MSBuild\Current\bin\Roslyn;C:\Program Files (x86)\Microsoft SDKs\Windows\v10.0A\bin\NETFX 4.8 Tools\x64\;C:\Program Files\Microsoft Visual Studio\2022\Community\Common7\IDE\CommonExtensions\Microsoft\FSharp\Tools;C:\Program Files\Microsoft Visual Studio\2022\Community\Team Tools\DiagnosticsHub\Collector;C:\Program Files (x86)\Windows Kits\10\bin\10.0.22621.0\\x64;C:\Program Files (x86)\Windows Kits\10\bin\\x64;C:\Program Files\Microsoft Visual Studio\2022\Community\\MSBuild\Current\Bin\amd64;C:\Windows\Microsoft.NET\Framework64\v4.0.30319;C:\Program Files\Microsoft Visual Studio\2022\Community\Common7\IDE\;C:\Program Files\Microsoft Visual Studio\2022\Community\Common7\Tools\;C:\WINDOWS\System32;C:\Program Files\WindowsApps\25415Inkscape.Inkscape_1.3.2.0_x64__9waqn51p1ttv2\VFS\ProgramFilesX64\Inkscape\bin;C:\Program Files\dotnet\;C:\Users\michi\Downloads\apps\apache-maven-3.9.6-bin\apache-maven-3.9.6\bin;C:\Program Files\Java\jdk-14.0.2\bin;;C:\Program Files\WindowsApps\25415Inkscape.Inkscape_1.3.2.0_x64__9waqn51p1ttv2\VFS\ProgramFilesX64\Inkscape\bin;C:\Program Files\dotnet\;C:\Users\michi\Downloads\apps\apache-maven-3.9.6-bin\apache-maven-3.9.6\bin;C:\Program Files\Java\jdk-14.0.2\bin;;C:\Program Files\WindowsApps\25415Inkscape.Inkscape_1.3.2.0_x64__9waqn51p1ttv2\VFS\ProgramFilesX64\Inkscape\bin;C:\Program Files\dotnet\;C:\Users\michi\Downloads\apps\apache-maven-3.9.6-bin\apache-maven-3.9.6\bin;C:\Program Files\Java\jdk-14.0.2\bin;C:\Users\michi\AppData\Local\ActiveState\StateTool\release\bin;C:\Users\michi\AppData\Local\Programs\Python\Python311\Scripts\;C:\Users\michi\AppData\Local\Programs\Python\Python311\;C:\Users\michi\AppData\Local\activestate\cache\bin;C:\Users\michi\AppData\Local\Microsoft\WindowsApps;C:\Users\michi\AppData\Local\Programs\Microsoft VS Code\bin;C:\Users\michi\AppData\Roaming\npm;C:\Users\michi\.dotnet\tools;C:\texlive\2023\bin\windows;C:\Users\michi\.azure-kubectl;C:\Users\michi\.azure-kubelogin;C:\Users\michi\.dotnet\tools;C:\Program Files\Microsoft Visual Studio\2022\Community\Common7\IDE\CommonExtensions\Microsoft\CMake\CMake\bin;C:\Program Files\Microsoft Visual Studio\2022\Community\Common7\IDE\CommonExtensions\Microsoft\CMake\Ninja;C:\Program Files\Microsoft Visual Studio\2022\Community\Common7\IDE\VC\Linux\bin\ConnectionManagerExe;C:\Program Files\Microsoft Visual Studio\2022\Community\VC\vcpkg;C:\WINDOWS\System32;C:\Program Files\WindowsApps\25415Inkscape.Inkscape_1.3.2.0_x64__9waqn51p1ttv2\VFS\ProgramFilesX64\Inkscape\bin;C:\Program Files\dotnet\;C:\Users\michi\Downloads\apps\apache-maven-3.9.6-bin\apache-maven-3.9.6\bin;C:\Program Files\Java\jdk-14.0.2\bin;;C:\Program Files\WindowsApps\25415Inkscape.Inkscape_1.3.2.0_x64__9waqn51p1ttv2\VFS\ProgramFilesX64\Inkscape\bin;C:\Program Files\dotnet\;C:\Users\michi\Downloads\apps\apache-maven-3.9.6-bin\apache-maven-3.9.6\bin;C:\Program Files\Java\jdk-14.0.2\bin;;C:\Program Files\WindowsApps\25415Inkscape.Inkscape_1.3.2.0_x64__9waqn51p1ttv2\VFS\ProgramFilesX64\Inkscape\bin;C:\Program Files\dotnet\;C:\Users\michi\Downloads\apps\apache-maven-3.9.6-bin\apache-maven-3.9.6\bin;C:\Program Files\Java\jdk-14.0.2\bin;C:\Users\michi\AppData\Local\ActiveState\StateTool\release\bin;C:\Users\michi\AppData\Local\Programs\Python\Python311\Scripts\;C:\Users\michi\AppData\Local\Programs\Python\Python311\;C:\Users\michi\AppData\Local\activestate\cache\bin;C:\Users\michi\AppData\Local\Microsoft\WindowsApps;C:\Users\michi\AppData\Local\Programs\Microsoft VS Code\bin;C:\Users\michi\AppData\Roaming\npm;C:\Users\michi\.dotnet\tools;C:\texlive\2023\bin\windows;C:\Users\michi\.azure-kubectl;C:\Users\michi\.azure-kubelogin;C:\Users\michi\.dotnet\tools;C:\Program Files\Microsoft Visual Studio\2022\Community\Common7\IDE\CommonExtensions\Microsoft\CMake\CMake\bin;C:\Program Files\Microsoft Visual Studio\2022\Community\Common7\IDE\CommonExtensions\Microsoft\CMake\Ninja;C:\Program Files\Microsoft Visual Studio\2022\Community\Common7\IDE\VC\Linux\bin\ConnectionManagerExe;C:\Program Files\Microsoft Visual Studio\2022\Community\VC\vcpkg]
  found 'LIBRARIES=' string: ["/LIBPATH:C:/Program Files/NVIDIA GPU Computing Toolkit/CUDA/v12.3/bin/../lib/x64"]
  considering line: []
  considering line: [C:\Users\michi\OneDrive - KU Leuven\Computerarchitectuur\CUDA_CNN_PROJECT\cmake-build-debug\CMakeFiles\3.21.1\CompilerIdCUDA>call "C:/Program Files/Microsoft Visual Studio/2022/Community/VC/Tools/MSVC/14.39.33519/bin/HostX64/x64/../../../../../../../VC/Auxiliary/Build/vcvars64.bat" ]
  considering line: [**********************************************************************]
  considering line: [** Visual Studio 2022 Developer Command Prompt v17.9.1]
  considering line: [** Copyright (c) 2022 Microsoft Corporation]
  considering line: [**********************************************************************]
  considering line: [[vcvarsall.bat] Environment initialized for: 'x64']
  considering line: [C:/Program Files/Microsoft Visual Studio/2022/Community/VC/Tools/MSVC/14.39.33519/bin/HostX64/x64/../../../../../../../VC/Auxiliary/Build/vcvars64.bat]
  considering line: [erase tmp/a_dlink.reg.c]
  considering line: [CMakeCUDACompilerId.cu]
  considering line: [resource file tmp/CMakeCUDACompilerId.cpp4.ii.res: [-D__CUDA_ARCH_LIST__=520 -nologo -E -TP -EHsc -D__CUDACC__ -D__NVCC__  "-IC:/Program Files/NVIDIA GPU Computing Toolkit/CUDA/v12.3/bin/../include"    -D__CUDACC_VER_MAJOR__=12 -D__CUDACC_VER_MINOR__=3 -D__CUDACC_VER_BUILD__=107 -D__CUDA_API_VER_MAJOR__=12 -D__CUDA_API_VER_MINOR__=3 -D__NVCC_DIAG_PRAGMA_SUPPORT__=1 -FI "cuda_runtime.h" "CMakeCUDACompilerId.cu" ]]
  considering line: [cl.exe @"tmp/CMakeCUDACompilerId.cpp4.ii.res" > "tmp/CMakeCUDACompilerId.cpp4.ii" ]
  considering line: [CMakeCUDACompilerId.cu]
  considering line: [cudafe++ --microsoft_version=1939 --msvc_target_version=1939 --compiler_bindir "C:/Program Files/Microsoft Visual Studio/2022/Community/VC/Tools/MSVC/14.39.33519/bin/HostX64/x64/../../../../../../.." --sdk_dir "C:/Program Files (x86)/Windows Kits/10/" --display_error_number --orig_src_file_name "CMakeCUDACompilerId.cu" --orig_src_path_name "C:\Users\michi\OneDrive - KU Leuven\Computerarchitectuur\CUDA_CNN_PROJECT\cmake-build-debug\CMakeFiles\3.21.1\CompilerIdCUDA\CMakeCUDACompilerId.cu" --allow_managed --m64 --parse_templates --gen_c_file_name "tmp/CMakeCUDACompilerId.cudafe1.cpp" --stub_file_name "CMakeCUDACompilerId.cudafe1.stub.c" --gen_module_id_file --module_id_file_name "tmp/CMakeCUDACompilerId.module_id" "tmp/CMakeCUDACompilerId.cpp4.ii" ]
  considering line: [resource file tmp/CMakeCUDACompilerId.cpp1.ii.res: [-D__CUDA_ARCH__=520 -D__CUDA_ARCH_LIST__=520 -nologo -E -TP  -DCUDA_DOUBLE_MATH_FUNCTIONS -EHsc -D__CUDACC__ -D__NVCC__  "-IC:/Program Files/NVIDIA GPU Computing Toolkit/CUDA/v12.3/bin/../include"    -D__CUDACC_VER_MAJOR__=12 -D__CUDACC_VER_MINOR__=3 -D__CUDACC_VER_BUILD__=107 -D__CUDA_API_VER_MAJOR__=12 -D__CUDA_API_VER_MINOR__=3 -D__NVCC_DIAG_PRAGMA_SUPPORT__=1 -FI "cuda_runtime.h" "CMakeCUDACompilerId.cu" ]]
  considering line: [cl.exe @"tmp/CMakeCUDACompilerId.cpp1.ii.res" > "tmp/CMakeCUDACompilerId.cpp1.ii" ]
  considering line: [CMakeCUDACompilerId.cu]
  considering line: [cicc --microsoft_version=1939 --msvc_target_version=1939 --compiler_bindir "C:/Program Files/Microsoft Visual Studio/2022/Community/VC/Tools/MSVC/14.39.33519/bin/HostX64/x64/../../../../../../.." --sdk_dir "C:/Program Files (x86)/Windows Kits/10/" --display_error_number --orig_src_file_name "CMakeCUDACompilerId.cu" --orig_src_path_name "C:\Users\michi\OneDrive - KU Leuven\Computerarchitectuur\CUDA_CNN_PROJECT\cmake-build-debug\CMakeFiles\3.21.1\CompilerIdCUDA\CMakeCUDACompilerId.cu" --allow_managed  -arch compute_52 -m64 --no-version-ident -ftz=0 -prec_div=1 -prec_sqrt=1 -fmad=1 --include_file_name "CMakeCUDACompilerId.fatbin.c" -tused --module_id_file_name "tmp/CMakeCUDACompilerId.module_id" --gen_c_file_name "tmp/CMakeCUDACompilerId.cudafe1.c" --stub_file_name "tmp/CMakeCUDACompilerId.cudafe1.stub.c" --gen_device_file_name "tmp/CMakeCUDACompilerId.cudafe1.gpu"  "tmp/CMakeCUDACompilerId.cpp1.ii" -o "tmp/CMakeCUDACompilerId.ptx"]
  considering line: [ptxas -arch=sm_52 -m64 "tmp/CMakeCUDACompilerId.ptx"  -o "tmp/CMakeCUDACompilerId.sm_52.cubin" ]
  considering line: [fatbinary --create="tmp/CMakeCUDACompilerId.fatbin" -64 --cicc-cmdline="-ftz=0 -prec_div=1 -prec_sqrt=1 -fmad=1 " "--image3=kind=elf,sm=52,file=tmp/CMakeCUDACompilerId.sm_52.cubin" "--image3=kind=ptx,sm=52,file=tmp/CMakeCUDACompilerId.ptx" --embedded-fatbin="tmp/CMakeCUDACompilerId.fatbin.c" ]
  considering line: [resource file tmp/CMakeCUDACompilerId.obj.res: [-D__CUDA_ARCH__=520 -D__CUDA_ARCH_LIST__=520 -nologo -c -TP  -DCUDA_DOUBLE_MATH_FUNCTIONS -EHsc "-IC:/Program Files/NVIDIA GPU Computing Toolkit/CUDA/v12.3/bin/../include"   "C:\Users\michi\OneDrive - KU Leuven\Computerarchitectuur\CUDA_CNN_PROJECT\cmake-build-debug\CMakeFiles\3.21.1\CompilerIdCUDA\tmp\CMakeCUDACompilerId.cudafe1.cpp" ]]
  considering line: [cl.exe @"tmp/CMakeCUDACompilerId.obj.res" -Fo"tmp/CMakeCUDACompilerId.obj" ]
  considering line: [CMakeCUDACompilerId.cudafe1.cpp]
  considering line: [resource file tmp/a_dlink.sm_52.cubin.optf: [-m64 --arch=sm_52 --register-link-binaries="tmp/a_dlink.reg.c"    "/LIBPATH:C:/Program Files/NVIDIA GPU Computing Toolkit/CUDA/v12.3/bin/../lib/x64" -cpu-arch=X86_64 "tmp/CMakeCUDACompilerId.obj"  cudadevrt.lib  -o "tmp/a_dlink.sm_52.cubin"]]
    extracted link line: [resource file tmp/a_dlink.sm_52.cubin.optf: [-m64 --arch=sm_52 --register-link-binaries="tmp/a_dlink.reg.c"    "/LIBPATH:C:/Program Files/NVIDIA GPU Computing Toolkit/CUDA/v12.3/bin/../lib/x64" -cpu-arch=X86_64 "tmp/CMakeCUDACompilerId.obj"  cudadevrt.lib  -o "tmp/a_dlink.sm_52.cubin"]]
  considering line: [nvlink -optf "tmp/a_dlink.sm_52.cubin.optf"]
    ignoring nvlink line
  considering line: [fatbinary --create="tmp/a_dlink.fatbin" -64 --cicc-cmdline="-ftz=0 -prec_div=1 -prec_sqrt=1 -fmad=1 " -link "--image3=kind=elf,sm=52,file=tmp/a_dlink.sm_52.cubin" --embedded-fatbin="tmp/a_dlink.fatbin.c" ]
  considering line: [resource file tmp/a_dlink.obj.res: [-D__CUDA_ARCH_LIST__=520 -nologo -c -TP -EHsc -DFATBINFILE="\"tmp/a_dlink.fatbin.c\"" -DREGISTERLINKBINARYFILE="\"tmp/a_dlink.reg.c\"" -I. -D__NV_EXTRA_INITIALIZATION= -D__NV_EXTRA_FINALIZATION= -D__CUDA_INCLUDE_COMPILER_INTERNAL_HEADERS__  "-IC:/Program Files/NVIDIA GPU Computing Toolkit/CUDA/v12.3/bin/../include"    -D__CUDACC_VER_MAJOR__=12 -D__CUDACC_VER_MINOR__=3 -D__CUDACC_VER_BUILD__=107 -D__CUDA_API_VER_MAJOR__=12 -D__CUDA_API_VER_MINOR__=3 -D__NVCC_DIAG_PRAGMA_SUPPORT__=1 "C:\Program Files\NVIDIA GPU Computing Toolkit\CUDA\v12.3\bin\crt\link.stub" ]]
  considering line: [cl.exe @"tmp/a_dlink.obj.res" -Fo"tmp/a_dlink.obj" ]
  considering line: [link.stub]
  considering line: [resource file tmp/a.exe.res: [-D__CUDA_ARCH_LIST__=520 -nologo "C:\Users\michi\OneDrive - KU Leuven\Computerarchitectuur\CUDA_CNN_PROJECT\cmake-build-debug\CMakeFiles\3.21.1\CompilerIdCUDA\tmp\a_dlink.obj" "C:\Users\michi\OneDrive - KU Leuven\Computerarchitectuur\CUDA_CNN_PROJECT\cmake-build-debug\CMakeFiles\3.21.1\CompilerIdCUDA\tmp\CMakeCUDACompilerId.obj" -link -INCREMENTAL:NO   "/LIBPATH:C:/Program Files/NVIDIA GPU Computing Toolkit/CUDA/v12.3/bin/../lib/x64"  cudadevrt.lib  cudart_static.lib]]
    extracted link line: [resource file tmp/a.exe.res: [-D__CUDA_ARCH_LIST__=520 -nologo "C:\Users\michi\OneDrive - KU Leuven\Computerarchitectuur\CUDA_CNN_PROJECT\cmake-build-debug\CMakeFiles\3.21.1\CompilerIdCUDA\tmp\a_dlink.obj" "C:\Users\michi\OneDrive - KU Leuven\Computerarchitectuur\CUDA_CNN_PROJECT\cmake-build-debug\CMakeFiles\3.21.1\CompilerIdCUDA\tmp\CMakeCUDACompilerId.obj" -link -INCREMENTAL:NO   "/LIBPATH:C:/Program Files/NVIDIA GPU Computing Toolkit/CUDA/v12.3/bin/../lib/x64"  cudadevrt.lib  cudart_static.lib]]
  considering line: [cl.exe @"tmp/a.exe.res" -Fe"a.exe" ]
    extracted link line: [cl.exe -D__CUDA_ARCH_LIST__=520 -nologo "C:\Users\michi\OneDrive - KU Leuven\Computerarchitectuur\CUDA_CNN_PROJECT\cmake-build-debug\CMakeFiles\3.21.1\CompilerIdCUDA\tmp\a_dlink.obj" "C:\Users\michi\OneDrive - KU Leuven\Computerarchitectuur\CUDA_CNN_PROJECT\cmake-build-debug\CMakeFiles\3.21.1\CompilerIdCUDA\tmp\CMakeCUDACompilerId.obj" -link -INCREMENTAL:NO   "/LIBPATH:C:/Program Files/NVIDIA GPU Computing Toolkit/CUDA/v12.3/bin/../lib/x64"  cudadevrt.lib  cudart_static.lib -Fe"a.exe" ]
  considering line: [   Creating library a.lib and object a.exp]
  considering line: []

  link line regex: [^( *|.*[/\])(link\.exe|CMAKE_LINK_STARTFILE-NOTFOUND|([^/\]+-)?ld|collect2)[^/\]*( |$)]
  link line: [cuda-fake-ld cl.exe -D__CUDA_ARCH_LIST__=520 -nologo "C:\Users\michi\OneDrive - KU Leuven\Computerarchitectuur\CUDA_CNN_PROJECT\cmake-build-debug\CMakeFiles\3.21.1\CompilerIdCUDA\tmp\a_dlink.obj" "C:\Users\michi\OneDrive - KU Leuven\Computerarchitectuur\CUDA_CNN_PROJECT\cmake-build-debug\CMakeFiles\3.21.1\CompilerIdCUDA\tmp\CMakeCUDACompilerId.obj" -link -INCREMENTAL:NO   "/LIBPATH:C:/Program Files/NVIDIA GPU Computing Toolkit/CUDA/v12.3/bin/../lib/x64"  cudadevrt.lib  cudart_static.lib -Fe"a.exe" ]
    arg [cuda-fake-ld] ==> ignore
    arg [cl.exe] ==> recognize MSVC cl
    arg [-D__CUDA_ARCH_LIST__=520] ==> ignore
    arg [-nologo] ==> ignore
    arg [C:\Users\michi\OneDrive - KU Leuven\Computerarchitectuur\CUDA_CNN_PROJECT\cmake-build-debug\CMakeFiles\3.21.1\CompilerIdCUDA\tmp\a_dlink.obj] ==> ignore
    arg [C:\Users\michi\OneDrive - KU Leuven\Computerarchitectuur\CUDA_CNN_PROJECT\cmake-build-debug\CMakeFiles\3.21.1\CompilerIdCUDA\tmp\CMakeCUDACompilerId.obj] ==> ignore
    arg [-link] ==> ignore MSVC cl option
    arg [-INCREMENTAL:NO] ==> ignore
    arg [/LIBPATH:C:/Program Files/NVIDIA GPU Computing Toolkit/CUDA/v12.3/bin/../lib/x64] ==> dir [C:/Program Files/NVIDIA GPU Computing Toolkit/CUDA/v12.3/bin/../lib/x64]
    arg [cudadevrt.lib] ==> lib [cudadevrt.lib]
    arg [cudart_static.lib] ==> lib [cudart_static.lib]
    arg [-Fea.exe] ==> ignore
  collapse library dir [C:/Program Files/NVIDIA GPU Computing Toolkit/CUDA/v12.3/bin/../lib/x64] ==> [C:/Program Files/NVIDIA GPU Computing Toolkit/CUDA/v12.3/lib/x64]
  implicit libs: [cudadevrt.lib;cudart_static.lib]
  implicit objs: []
  implicit dirs: [C:/Program Files/NVIDIA GPU Computing Toolkit/CUDA/v12.3/lib/x64]
  implicit fwks: []


Parsed CUDA nvcc include information from above output:
  found 'PATH=' string: [C:\Program Files\Microsoft Visual Studio\2022\Community\VC\Tools\MSVC\14.39.33519\bin\HostX64\x64;C:\Program Files\Microsoft Visual Studio\2022\Community\VC\Tools\MSVC\14.39.33519\bin\HostX64\x64;C:\Program Files\Microsoft Visual Studio\2022\Community\Common7\IDE\VC\VCPackages;C:\Program Files\Microsoft Visual Studio\2022\Community\Common7\IDE\CommonExtensions\Microsoft\TestWindow;C:\Program Files\Microsoft Visual Studio\2022\Community\Common7\IDE\CommonExtensions\Microsoft\TeamFoundation\Team Explorer;C:\Program Files\Microsoft Visual Studio\2022\Community\MSBuild\Current\bin\Roslyn;C:\Program Files (x86)\Microsoft SDKs\Windows\v10.0A\bin\NETFX 4.8 Tools\x64\;C:\Program Files\Microsoft Visual Studio\2022\Community\Common7\IDE\CommonExtensions\Microsoft\FSharp\Tools;C:\Program Files\Microsoft Visual Studio\2022\Community\Team Tools\DiagnosticsHub\Collector;C:\Program Files (x86)\Windows Kits\10\bin\10.0.22621.0\\x64;C:\Program Files (x86)\Windows Kits\10\bin\\x64;C:\Program Files\Microsoft Visual Studio\2022\Community\\MSBuild\Current\Bin\amd64;C:\Windows\Microsoft.NET\Framework64\v4.0.30319;C:\Program Files\Microsoft Visual Studio\2022\Community\Common7\IDE\;C:\Program Files\Microsoft Visual Studio\2022\Community\Common7\Tools\;C:\Program Files\Microsoft Visual Studio\2022\Community\VC\Tools\MSVC\14.39.33519\bin\HostX64\x64;C:\Program Files\Microsoft Visual Studio\2022\Community\Common7\IDE\VC\VCPackages;C:\Program Files\Microsoft Visual Studio\2022\Community\Common7\IDE\CommonExtensions\Microsoft\TestWindow;C:\Program Files\Microsoft Visual Studio\2022\Community\Common7\IDE\CommonExtensions\Microsoft\TeamFoundation\Team Explorer;C:\Program Files\Microsoft Visual Studio\2022\Community\MSBuild\Current\bin\Roslyn;C:\Program Files (x86)\Microsoft SDKs\Windows\v10.0A\bin\NETFX 4.8 Tools\x64\;C:\Program Files\Microsoft Visual Studio\2022\Community\Common7\IDE\CommonExtensions\Microsoft\FSharp\Tools;C:\Program Files\Microsoft Visual Studio\2022\Community\Team Tools\DiagnosticsHub\Collector;C:\Program Files (x86)\Windows Kits\10\bin\10.0.22621.0\\x64;C:\Program Files (x86)\Windows Kits\10\bin\\x64;C:\Program Files\Microsoft Visual Studio\2022\Community\\MSBuild\Current\Bin\amd64;C:\Windows\Microsoft.NET\Framework64\v4.0.30319;C:\Program Files\Microsoft Visual Studio\2022\Community\Common7\IDE\;C:\Program Files\Microsoft Visual Studio\2022\Community\Common7\Tools\;C:\WINDOWS\System32;C:\Program Files\WindowsApps\25415Inkscape.Inkscape_1.3.2.0_x64__9waqn51p1ttv2\VFS\ProgramFilesX64\Inkscape\bin;C:\Program Files\dotnet\;C:\Users\michi\Downloads\apps\apache-maven-3.9.6-bin\apache-maven-3.9.6\bin;C:\Program Files\Java\jdk-14.0.2\bin;;C:\Program Files\WindowsApps\25415Inkscape.Inkscape_1.3.2.0_x64__9waqn51p1ttv2\VFS\ProgramFilesX64\Inkscape\bin;C:\Program Files\dotnet\;C:\Users\michi\Downloads\apps\apache-maven-3.9.6-bin\apache-maven-3.9.6\bin;C:\Program Files\Java\jdk-14.0.2\bin;;C:\Program Files\WindowsApps\25415Inkscape.Inkscape_1.3.2.0_x64__9waqn51p1ttv2\VFS\ProgramFilesX64\Inkscape\bin;C:\Program Files\dotnet\;C:\Users\michi\Downloads\apps\apache-maven-3.9.6-bin\apache-maven-3.9.6\bin;C:\Program Files\Java\jdk-14.0.2\bin;C:\Users\michi\AppData\Local\ActiveState\StateTool\release\bin;C:\Users\michi\AppData\Local\Programs\Python\Python311\Scripts\;C:\Users\michi\AppData\Local\Programs\Python\Python311\;C:\Users\michi\AppData\Local\activestate\cache\bin;C:\Users\michi\AppData\Local\Microsoft\WindowsApps;C:\Users\michi\AppData\Local\Programs\Microsoft VS Code\bin;C:\Users\michi\AppData\Roaming\npm;C:\Users\michi\.dotnet\tools;C:\texlive\2023\bin\windows;C:\Users\michi\.azure-kubectl;C:\Users\michi\.azure-kubelogin;C:\Users\michi\.dotnet\tools;C:\Program Files\Microsoft Visual Studio\2022\Community\Common7\IDE\CommonExtensions\Microsoft\CMake\CMake\bin;C:\Program Files\Microsoft Visual Studio\2022\Community\Common7\IDE\CommonExtensions\Microsoft\CMake\Ninja;C:\Program Files\Microsoft Visual Studio\2022\Community\Common7\IDE\VC\Linux\bin\ConnectionManagerExe;C:\Program Files\Microsoft Visual Studio\2022\Community\VC\vcpkg;C:\WINDOWS\System32;C:\Program Files\WindowsApps\25415Inkscape.Inkscape_1.3.2.0_x64__9waqn51p1ttv2\VFS\ProgramFilesX64\Inkscape\bin;C:\Program Files\dotnet\;C:\Users\michi\Downloads\apps\apache-maven-3.9.6-bin\apache-maven-3.9.6\bin;C:\Program Files\Java\jdk-14.0.2\bin;;C:\Program Files\WindowsApps\25415Inkscape.Inkscape_1.3.2.0_x64__9waqn51p1ttv2\VFS\ProgramFilesX64\Inkscape\bin;C:\Program Files\dotnet\;C:\Users\michi\Downloads\apps\apache-maven-3.9.6-bin\apache-maven-3.9.6\bin;C:\Program Files\Java\jdk-14.0.2\bin;;C:\Program Files\WindowsApps\25415Inkscape.Inkscape_1.3.2.0_x64__9waqn51p1ttv2\VFS\ProgramFilesX64\Inkscape\bin;C:\Program Files\dotnet\;C:\Users\michi\Downloads\apps\apache-maven-3.9.6-bin\apache-maven-3.9.6\bin;C:\Program Files\Java\jdk-14.0.2\bin;C:\Users\michi\AppData\Local\ActiveState\StateTool\release\bin;C:\Users\michi\AppData\Local\Programs\Python\Python311\Scripts\;C:\Users\michi\AppData\Local\Programs\Python\Python311\;C:\Users\michi\AppData\Local\activestate\cache\bin;C:\Users\michi\AppData\Local\Microsoft\WindowsApps;C:\Users\michi\AppData\Local\Programs\Microsoft VS Code\bin;C:\Users\michi\AppData\Roaming\npm;C:\Users\michi\.dotnet\tools;C:\texlive\2023\bin\windows;C:\Users\michi\.azure-kubectl;C:\Users\michi\.azure-kubelogin;C:\Users\michi\.dotnet\tools;C:\Program Files\Microsoft Visual Studio\2022\Community\Common7\IDE\CommonExtensions\Microsoft\CMake\CMake\bin;C:\Program Files\Microsoft Visual Studio\2022\Community\Common7\IDE\CommonExtensions\Microsoft\CMake\Ninja;C:\Program Files\Microsoft Visual Studio\2022\Community\Common7\IDE\VC\Linux\bin\ConnectionManagerExe;C:\Program Files\Microsoft Visual Studio\2022\Community\VC\vcpkg]
  found 'LIBRARIES=' string: ["/LIBPATH:C:/Program Files/NVIDIA GPU Computing Toolkit/CUDA/v12.3/bin/../lib/x64"]
  considering line: []
  considering line: [C:\Users\michi\OneDrive - KU Leuven\Computerarchitectuur\CUDA_CNN_PROJECT\cmake-build-debug\CMakeFiles\3.21.1\CompilerIdCUDA>call "C:/Program Files/Microsoft Visual Studio/2022/Community/VC/Tools/MSVC/14.39.33519/bin/HostX64/x64/../../../../../../../VC/Auxiliary/Build/vcvars64.bat" ]
  considering line: [**********************************************************************]
  considering line: [** Visual Studio 2022 Developer Command Prompt v17.9.1]
  considering line: [** Copyright (c) 2022 Microsoft Corporation]
  considering line: [**********************************************************************]
  considering line: [[vcvarsall.bat] Environment initialized for: 'x64']
  considering line: [C:/Program Files/Microsoft Visual Studio/2022/Community/VC/Tools/MSVC/14.39.33519/bin/HostX64/x64/../../../../../../../VC/Auxiliary/Build/vcvars64.bat]
  considering line: [erase tmp/a_dlink.reg.c]
  considering line: [CMakeCUDACompilerId.cu]
  considering line: [resource file tmp/CMakeCUDACompilerId.cpp4.ii.res: [-D__CUDA_ARCH_LIST__=520 -nologo -E -TP -EHsc -D__CUDACC__ -D__NVCC__  "-IC:/Program Files/NVIDIA GPU Computing Toolkit/CUDA/v12.3/bin/../include"    -D__CUDACC_VER_MAJOR__=12 -D__CUDACC_VER_MINOR__=3 -D__CUDACC_VER_BUILD__=107 -D__CUDA_API_VER_MAJOR__=12 -D__CUDA_API_VER_MINOR__=3 -D__NVCC_DIAG_PRAGMA_SUPPORT__=1 -FI "cuda_runtime.h" "CMakeCUDACompilerId.cu" ]]
  considering line: [cl.exe @"tmp/CMakeCUDACompilerId.cpp4.ii.res" > "tmp/CMakeCUDACompilerId.cpp4.ii" ]
  considering line: [CMakeCUDACompilerId.cu]
  considering line: [cudafe++ --microsoft_version=1939 --msvc_target_version=1939 --compiler_bindir "C:/Program Files/Microsoft Visual Studio/2022/Community/VC/Tools/MSVC/14.39.33519/bin/HostX64/x64/../../../../../../.." --sdk_dir "C:/Program Files (x86)/Windows Kits/10/" --display_error_number --orig_src_file_name "CMakeCUDACompilerId.cu" --orig_src_path_name "C:\Users\michi\OneDrive - KU Leuven\Computerarchitectuur\CUDA_CNN_PROJECT\cmake-build-debug\CMakeFiles\3.21.1\CompilerIdCUDA\CMakeCUDACompilerId.cu" --allow_managed --m64 --parse_templates --gen_c_file_name "tmp/CMakeCUDACompilerId.cudafe1.cpp" --stub_file_name "CMakeCUDACompilerId.cudafe1.stub.c" --gen_module_id_file --module_id_file_name "tmp/CMakeCUDACompilerId.module_id" "tmp/CMakeCUDACompilerId.cpp4.ii" ]
  considering line: [resource file tmp/CMakeCUDACompilerId.cpp1.ii.res: [-D__CUDA_ARCH__=520 -D__CUDA_ARCH_LIST__=520 -nologo -E -TP  -DCUDA_DOUBLE_MATH_FUNCTIONS -EHsc -D__CUDACC__ -D__NVCC__  "-IC:/Program Files/NVIDIA GPU Computing Toolkit/CUDA/v12.3/bin/../include"    -D__CUDACC_VER_MAJOR__=12 -D__CUDACC_VER_MINOR__=3 -D__CUDACC_VER_BUILD__=107 -D__CUDA_API_VER_MAJOR__=12 -D__CUDA_API_VER_MINOR__=3 -D__NVCC_DIAG_PRAGMA_SUPPORT__=1 -FI "cuda_runtime.h" "CMakeCUDACompilerId.cu" ]]
  considering line: [cl.exe @"tmp/CMakeCUDACompilerId.cpp1.ii.res" > "tmp/CMakeCUDACompilerId.cpp1.ii" ]
  considering line: [CMakeCUDACompilerId.cu]
  considering line: [cicc --microsoft_version=1939 --msvc_target_version=1939 --compiler_bindir "C:/Program Files/Microsoft Visual Studio/2022/Community/VC/Tools/MSVC/14.39.33519/bin/HostX64/x64/../../../../../../.." --sdk_dir "C:/Program Files (x86)/Windows Kits/10/" --display_error_number --orig_src_file_name "CMakeCUDACompilerId.cu" --orig_src_path_name "C:\Users\michi\OneDrive - KU Leuven\Computerarchitectuur\CUDA_CNN_PROJECT\cmake-build-debug\CMakeFiles\3.21.1\CompilerIdCUDA\CMakeCUDACompilerId.cu" --allow_managed  -arch compute_52 -m64 --no-version-ident -ftz=0 -prec_div=1 -prec_sqrt=1 -fmad=1 --include_file_name "CMakeCUDACompilerId.fatbin.c" -tused --module_id_file_name "tmp/CMakeCUDACompilerId.module_id" --gen_c_file_name "tmp/CMakeCUDACompilerId.cudafe1.c" --stub_file_name "tmp/CMakeCUDACompilerId.cudafe1.stub.c" --gen_device_file_name "tmp/CMakeCUDACompilerId.cudafe1.gpu"  "tmp/CMakeCUDACompilerId.cpp1.ii" -o "tmp/CMakeCUDACompilerId.ptx"]
  considering line: [ptxas -arch=sm_52 -m64 "tmp/CMakeCUDACompilerId.ptx"  -o "tmp/CMakeCUDACompilerId.sm_52.cubin" ]
  considering line: [fatbinary --create="tmp/CMakeCUDACompilerId.fatbin" -64 --cicc-cmdline="-ftz=0 -prec_div=1 -prec_sqrt=1 -fmad=1 " "--image3=kind=elf,sm=52,file=tmp/CMakeCUDACompilerId.sm_52.cubin" "--image3=kind=ptx,sm=52,file=tmp/CMakeCUDACompilerId.ptx" --embedded-fatbin="tmp/CMakeCUDACompilerId.fatbin.c" ]
  considering line: [resource file tmp/CMakeCUDACompilerId.obj.res: [-D__CUDA_ARCH__=520 -D__CUDA_ARCH_LIST__=520 -nologo -c -TP  -DCUDA_DOUBLE_MATH_FUNCTIONS -EHsc "-IC:/Program Files/NVIDIA GPU Computing Toolkit/CUDA/v12.3/bin/../include"   "C:\Users\michi\OneDrive - KU Leuven\Computerarchitectuur\CUDA_CNN_PROJECT\cmake-build-debug\CMakeFiles\3.21.1\CompilerIdCUDA\tmp\CMakeCUDACompilerId.cudafe1.cpp" ]]
  considering line: [cl.exe @"tmp/CMakeCUDACompilerId.obj.res" -Fo"tmp/CMakeCUDACompilerId.obj" ]
  considering line: [CMakeCUDACompilerId.cudafe1.cpp]
  considering line: [resource file tmp/a_dlink.sm_52.cubin.optf: [-m64 --arch=sm_52 --register-link-binaries="tmp/a_dlink.reg.c"    "/LIBPATH:C:/Program Files/NVIDIA GPU Computing Toolkit/CUDA/v12.3/bin/../lib/x64" -cpu-arch=X86_64 "tmp/CMakeCUDACompilerId.obj"  cudadevrt.lib  -o "tmp/a_dlink.sm_52.cubin"]]
    extracted link line: [resource file tmp/a_dlink.sm_52.cubin.optf: [-m64 --arch=sm_52 --register-link-binaries="tmp/a_dlink.reg.c"    "/LIBPATH:C:/Program Files/NVIDIA GPU Computing Toolkit/CUDA/v12.3/bin/../lib/x64" -cpu-arch=X86_64 "tmp/CMakeCUDACompilerId.obj"  cudadevrt.lib  -o "tmp/a_dlink.sm_52.cubin"]]
  considering line: [nvlink -optf "tmp/a_dlink.sm_52.cubin.optf"]
    ignoring nvlink line
  considering line: [fatbinary --create="tmp/a_dlink.fatbin" -64 --cicc-cmdline="-ftz=0 -prec_div=1 -prec_sqrt=1 -fmad=1 " -link "--image3=kind=elf,sm=52,file=tmp/a_dlink.sm_52.cubin" --embedded-fatbin="tmp/a_dlink.fatbin.c" ]
  considering line: [resource file tmp/a_dlink.obj.res: [-D__CUDA_ARCH_LIST__=520 -nologo -c -TP -EHsc -DFATBINFILE="\"tmp/a_dlink.fatbin.c\"" -DREGISTERLINKBINARYFILE="\"tmp/a_dlink.reg.c\"" -I. -D__NV_EXTRA_INITIALIZATION= -D__NV_EXTRA_FINALIZATION= -D__CUDA_INCLUDE_COMPILER_INTERNAL_HEADERS__  "-IC:/Program Files/NVIDIA GPU Computing Toolkit/CUDA/v12.3/bin/../include"    -D__CUDACC_VER_MAJOR__=12 -D__CUDACC_VER_MINOR__=3 -D__CUDACC_VER_BUILD__=107 -D__CUDA_API_VER_MAJOR__=12 -D__CUDA_API_VER_MINOR__=3 -D__NVCC_DIAG_PRAGMA_SUPPORT__=1 "C:\Program Files\NVIDIA GPU Computing Toolkit\CUDA\v12.3\bin\crt\link.stub" ]]
  considering line: [cl.exe @"tmp/a_dlink.obj.res" -Fo"tmp/a_dlink.obj" ]
  considering line: [link.stub]
  considering line: [resource file tmp/a.exe.res: [-D__CUDA_ARCH_LIST__=520 -nologo "C:\Users\michi\OneDrive - KU Leuven\Computerarchitectuur\CUDA_CNN_PROJECT\cmake-build-debug\CMakeFiles\3.21.1\CompilerIdCUDA\tmp\a_dlink.obj" "C:\Users\michi\OneDrive - KU Leuven\Computerarchitectuur\CUDA_CNN_PROJECT\cmake-build-debug\CMakeFiles\3.21.1\CompilerIdCUDA\tmp\CMakeCUDACompilerId.obj" -link -INCREMENTAL:NO   "/LIBPATH:C:/Program Files/NVIDIA GPU Computing Toolkit/CUDA/v12.3/bin/../lib/x64"  cudadevrt.lib  cudart_static.lib]]
    extracted link line: [resource file tmp/a.exe.res: [-D__CUDA_ARCH_LIST__=520 -nologo "C:\Users\michi\OneDrive - KU Leuven\Computerarchitectuur\CUDA_CNN_PROJECT\cmake-build-debug\CMakeFiles\3.21.1\CompilerIdCUDA\tmp\a_dlink.obj" "C:\Users\michi\OneDrive - KU Leuven\Computerarchitectuur\CUDA_CNN_PROJECT\cmake-build-debug\CMakeFiles\3.21.1\CompilerIdCUDA\tmp\CMakeCUDACompilerId.obj" -link -INCREMENTAL:NO   "/LIBPATH:C:/Program Files/NVIDIA GPU Computing Toolkit/CUDA/v12.3/bin/../lib/x64"  cudadevrt.lib  cudart_static.lib]]
  considering line: [cl.exe @"tmp/a.exe.res" -Fe"a.exe" ]
    extracted link line: [cl.exe -D__CUDA_ARCH_LIST__=520 -nologo "C:\Users\michi\OneDrive - KU Leuven\Computerarchitectuur\CUDA_CNN_PROJECT\cmake-build-debug\CMakeFiles\3.21.1\CompilerIdCUDA\tmp\a_dlink.obj" "C:\Users\michi\OneDrive - KU Leuven\Computerarchitectuur\CUDA_CNN_PROJECT\cmake-build-debug\CMakeFiles\3.21.1\CompilerIdCUDA\tmp\CMakeCUDACompilerId.obj" -link -INCREMENTAL:NO   "/LIBPATH:C:/Program Files/NVIDIA GPU Computing Toolkit/CUDA/v12.3/bin/../lib/x64"  cudadevrt.lib  cudart_static.lib -Fe"a.exe" ]
  considering line: [   Creating library a.lib and object a.exp]
  considering line: []
  found 'INCLUDES=' string: ["-IC:/Program Files/NVIDIA GPU Computing Toolkit/CUDA/v12.3/bin/../include"  ]

  link line regex: [^( *|.*[/\])(link\.exe|CMAKE_LINK_STARTFILE-NOTFOUND|([^/\]+-)?ld|collect2)[^/\]*( |$)]
  link line: [cuda-fake-ld cl.exe -D__CUDA_ARCH_LIST__=520 -nologo "C:\Users\michi\OneDrive - KU Leuven\Computerarchitectuur\CUDA_CNN_PROJECT\cmake-build-debug\CMakeFiles\3.21.1\CompilerIdCUDA\tmp\a_dlink.obj" "C:\Users\michi\OneDrive - KU Leuven\Computerarchitectuur\CUDA_CNN_PROJECT\cmake-build-debug\CMakeFiles\3.21.1\CompilerIdCUDA\tmp\CMakeCUDACompilerId.obj" -link -INCREMENTAL:NO   "/LIBPATH:C:/Program Files/NVIDIA GPU Computing Toolkit/CUDA/v12.3/bin/../lib/x64"  cudadevrt.lib  cudart_static.lib -Fe"a.exe" ]
    arg [cuda-fake-ld] ==> ignore
    arg [cl.exe] ==> recognize MSVC cl
    arg [-D__CUDA_ARCH_LIST__=520] ==> ignore
    arg [-nologo] ==> ignore
    arg [C:\Users\michi\OneDrive - KU Leuven\Computerarchitectuur\CUDA_CNN_PROJECT\cmake-build-debug\CMakeFiles\3.21.1\CompilerIdCUDA\tmp\a_dlink.obj] ==> ignore
    arg [C:\Users\michi\OneDrive - KU Leuven\Computerarchitectuur\CUDA_CNN_PROJECT\cmake-build-debug\CMakeFiles\3.21.1\CompilerIdCUDA\tmp\CMakeCUDACompilerId.obj] ==> ignore
    arg [-link] ==> ignore MSVC cl option
    arg [-INCREMENTAL:NO] ==> ignore
    arg [/LIBPATH:C:/Program Files/NVIDIA GPU Computing Toolkit/CUDA/v12.3/bin/../lib/x64] ==> dir [C:/Program Files/NVIDIA GPU Computing Toolkit/CUDA/v12.3/bin/../lib/x64]
    arg [cudadevrt.lib] ==> lib [cudadevrt.lib]
    arg [cudart_static.lib] ==> lib [cudart_static.lib]
    arg [-Fea.exe] ==> ignore
  collapse library dir [C:/Program Files/NVIDIA GPU Computing Toolkit/CUDA/v12.3/bin/../lib/x64] ==> [C:/Program Files/NVIDIA GPU Computing Toolkit/CUDA/v12.3/lib/x64]
  implicit libs: [cudadevrt.lib;cudart_static.lib]
  implicit objs: []
  implicit dirs: [C:/Program Files/NVIDIA GPU Computing Toolkit/CUDA/v12.3/lib/x64]
  implicit fwks: []


Detecting CUDA compiler ABI info compiled with the following output:
Change Dir: C:/Users/michi/OneDrive - KU Leuven/Computerarchitectuur/CUDA_CNN_PROJECT/cmake-build-debug/CMakeFiles/CMakeTmp

Run Build Command(s):C:/Program Files/JetBrains/CLion 2021.3.3/bin/ninja/win/ninja.exe cmTC_c7294 && [1/2] Building CUDA object CMakeFiles\cmTC_c7294.dir\CMakeCUDACompilerABI.cu.obj
cl : Command line warning D9002 : ignoring unknown option '-v'
CMakeCUDACompilerABI.cu
cl : Command line warning D9002 : ignoring unknown option '-v'
CMakeCUDACompilerABI.cu
CMakeCUDACompilerABI.cu
cl : Command line warning D9002 : ignoring unknown option '-v'
tmpxft_00000908_00000000-10_CMakeCUDACompilerABI.cudafe1.cpp
[2/2] Linking CUDA executable cmTC_c7294.exe



Parsed CUDA implicit include dir info from above output: rv=start
  warn: unable to parse implicit include dirs!


Parsed CUDA implicit link information from above output:
  link line regex: [^( *|.*[/\])(link\.exe|CMAKE_LINK_STARTFILE-NOTFOUND|([^/\]+-)?ld|collect2)[^/\]*( |$)]
  ignore line: [Change Dir: C:/Users/michi/OneDrive - KU Leuven/Computerarchitectuur/CUDA_CNN_PROJECT/cmake-build-debug/CMakeFiles/CMakeTmp]
  ignore line: []
  ignore line: [Run Build Command(s):C:/Program Files/JetBrains/CLion 2021.3.3/bin/ninja/win/ninja.exe cmTC_c7294 && [1/2] Building CUDA object CMakeFiles\cmTC_c7294.dir\CMakeCUDACompilerABI.cu.obj]
  ignore line: [cl : Command line warning D9002 : ignoring unknown option '-v']
  ignore line: [CMakeCUDACompilerABI.cu]
  ignore line: [cl : Command line warning D9002 : ignoring unknown option '-v']
  ignore line: [CMakeCUDACompilerABI.cu]
  ignore line: [CMakeCUDACompilerABI.cu]
  ignore line: [cl : Command line warning D9002 : ignoring unknown option '-v']
  ignore line: [tmpxft_00000908_00000000-10_CMakeCUDACompilerABI.cudafe1.cpp]
  ignore line: [[2/2] Linking CUDA executable cmTC_c7294.exe]
  ignore line: []
  ignore line: []
  implicit libs: []
  implicit objs: []
  implicit dirs: []
  implicit fwks: []


